<?xml version="1.0" encoding="UTF-8"?>
<!-- Generated by org.testng.reporters.JUnitReportReporter -->
<testsuite hostname="LADU" failures="0" tests="1" name="testNg.SelectBrowser" time="3.823" errors="0" timestamp="2023-01-27T11:35:26 IST" skipped="0">
  <testcase classname="testNg.SelectBrowser" name="openBrowser" time="3.823"/>
  <system-out/>
</testsuite> <!-- testNg.SelectBrowser -->
