<?xml version="1.0" encoding="UTF-8"?>
<!-- Generated by org.testng.reporters.JUnitReportReporter -->
<testsuite hostname="LADU" failures="0" tests="2" name="TestNg2.Flag1" time="0.008" errors="0" timestamp="2023-01-24T08:12:42 IST" skipped="1">
  <testcase classname="TestNg2.Flag1" name="sql" time="0.008"/>
  <system-out>
    <![CDATA[this is Sql]]>
  </system-out>
  <testcase classname="TestNg2.Flag1" name="java">
    <skipped/>
  </testcase> <!-- java -->
  <system-out/>
</testsuite> <!-- TestNg2.Flag1 -->
