<?xml version="1.0" encoding="UTF-8"?>
<!-- Generated by org.testng.reporters.JUnitReportReporter -->
<testsuite hostname="LADU" failures="0" tests="2" name="testngparellel.TestNG3" time="0.022" errors="0" timestamp="2023-01-23T13:58:18 IST" skipped="0">
  <testcase classname="testngparellel.TestNG3" name="method2" time="0.011"/>
  <system-out>
    <![CDATA[i am method2]]>
  </system-out>
  <testcase classname="testngparellel.TestNG3" name="method1" time="0.011"/>
  <system-out>
    <![CDATA[i am method1]]>
  </system-out>
</testsuite> <!-- testngparellel.TestNG3 -->
