<?xml version="1.0" encoding="UTF-8"?>
<!-- Generated by org.testng.reporters.JUnitReportReporter -->
<testsuite hostname="LADU" failures="0" tests="2" name="testngparellel.TestNG4" time="0.007" errors="0" timestamp="2023-01-24T08:17:43 IST" skipped="0">
  <testcase classname="testngparellel.TestNG4" name="today" time="0.006"/>
  <system-out>
    <![CDATA[today method1is the thread]]>
  </system-out>
  <testcase classname="testngparellel.TestNG4" name="tomorrrow" time="0.001"/>
  <system-out>
    <![CDATA[tomorrow method1is the thread]]>
  </system-out>
</testsuite> <!-- testngparellel.TestNG4 -->
