<?xml version="1.0" encoding="UTF-8"?>
<!-- Generated by org.testng.reporters.JUnitReportReporter -->
<testsuite hostname="LADU" failures="0" tests="3" name="testNg.Demo" time="0.011" errors="0" timestamp="2023-01-27T11:33:49 IST" skipped="0">
  <testcase classname="testNg.Demo" name="demo" time="0.009"/>
  <system-out>
    <![CDATA[this is demo method]]>
  </system-out>
  <testcase classname="testNg.Demo" name="demo2" time="0.001"/>
  <system-out>
    <![CDATA[this is demo2 method]]>
  </system-out>
  <testcase classname="testNg.Demo" name="demo1" time="0.001"/>
  <system-out>
    <![CDATA[this is demo1 method]]>
  </system-out>
</testsuite> <!-- testNg.Demo -->
