<?xml version="1.0" encoding="UTF-8"?>
<!-- Generated by org.testng.reporters.JUnitReportReporter -->
<testsuite hostname="LADU" failures="0" tests="12" name="TestNg2.Flag6" time="0.019" errors="0" timestamp="2023-01-21T14:46:09 IST" skipped="0">
  <testcase classname="TestNg2.Flag6" name="it2" time="0.001"/>
  <system-out>
    <![CDATA[integration  testing2]]>
  </system-out>
  <testcase classname="TestNg2.Flag6" name="it6" time="0.001"/>
  <system-out>
    <![CDATA[integration  testing6]]>
  </system-out>
  <testcase classname="TestNg2.Flag6" name="it1" time="0.006"/>
  <system-out>
    <![CDATA[integration  testing1]]>
  </system-out>
  <testcase classname="TestNg2.Flag6" name="st2" time="0.001"/>
  <system-out>
    <![CDATA[system testing2]]>
  </system-out>
  <testcase classname="TestNg2.Flag6" name="st3" time="0.001"/>
  <system-out>
    <![CDATA[system testing3]]>
  </system-out>
  <testcase classname="TestNg2.Flag6" name="st4" time="0.002"/>
  <system-out>
    <![CDATA[system testing4]]>
  </system-out>
  <testcase classname="TestNg2.Flag6" name="st6" time="0.002"/>
  <system-out>
    <![CDATA[system testing6]]>
  </system-out>
  <testcase classname="TestNg2.Flag6" name="it5" time="0.001"/>
  <system-out>
    <![CDATA[integration  testing5]]>
  </system-out>
  <testcase classname="TestNg2.Flag6" name="st5" time="0.001"/>
  <system-out>
    <![CDATA[system testing5]]>
  </system-out>
  <testcase classname="TestNg2.Flag6" name="st1" time="0.002"/>
  <system-out>
    <![CDATA[system testing1]]>
  </system-out>
  <testcase classname="TestNg2.Flag6" name="it3" time="0.000"/>
  <system-out>
    <![CDATA[integration  testing3]]>
  </system-out>
  <testcase classname="TestNg2.Flag6" name="it4" time="0.001"/>
  <system-out>
    <![CDATA[integration  testing4]]>
  </system-out>
</testsuite> <!-- TestNg2.Flag6 -->
