<?xml version="1.0" encoding="UTF-8"?>
<!-- Generated by org.testng.reporters.JUnitReportReporter -->
<testsuite hostname="LADU" failures="0" tests="2" name="TestNg2.NoAnnotation" time="0.006" errors="0" timestamp="2023-01-25T08:31:51 IST" skipped="0">
  <testcase classname="TestNg2.NoAnnotation" name="test2" time="0.001"/>
  <system-out>
    <![CDATA[test2]]>
  </system-out>
  <testcase classname="TestNg2.NoAnnotation" name="test1" time="0.005"/>
  <system-out>
    <![CDATA[test 1]]>
  </system-out>
</testsuite> <!-- TestNg2.NoAnnotation -->
