<?xml version="1.0" encoding="UTF-8"?>
<!-- Generated by org.testng.reporters.JUnitReportReporter -->
<testsuite hostname="LADU" failures="0" tests="1" name="testNg.TestValidLogin" time="8.076" errors="0" timestamp="2023-01-27T11:31:14 IST" skipped="0">
  <testcase classname="testNg.TestValidLogin" name="validlogin" time="8.076"/>
  <system-out/>
</testsuite> <!-- testNg.TestValidLogin -->
