<?xml version="1.0" encoding="UTF-8"?>
<!-- Generated by org.testng.reporters.JUnitReportReporter -->
<testsuite hostname="LADU" failures="0" tests="3" name="testNg.Demo1" time="0.004" errors="0" timestamp="2023-01-20T08:18:26 IST" skipped="0">
  <testcase classname="testNg.Demo1" name="demo2" time="0.001"/>
  <system-out/>
  <testcase classname="testNg.Demo1" name="demo3" time="0.002"/>
  <system-out/>
  <testcase classname="testNg.Demo1" name="demo1" time="0.001"/>
  <system-out/>
</testsuite> <!-- testNg.Demo1 -->
